AAK 4.263750e+01 7.449420e+01
ABKT 3.793040e+01 5.811890e+01
ADK 5.188230e+01 -1.766842e+02
ANMO 3.494598e+01 -1.064571e+02
ANTO 3.986800e+01 3.279340e+01
ARU 5.642930e+01 5.856150e+01
BBSR 3.237130e+01 -6.469630e+01
BFO 4.833010e+01 8.329600e+00
BILL 6.806530e+01 1.664531e+02
BJT 4.001830e+01 1.161679e+02
BORG 6.474740e+01 -2.132680e+01
BRVK 5.305810e+01 7.028280e+01
BTDF 1.360800e+00 1.037729e+02
CCM 3.805570e+01 -9.124460e+01
CHTO 1.881410e+01 9.894430e+01
CMB 3.803455e+01 -1.203865e+02
CMLA 3.776370e+01 -2.552430e+01
COCO -1.219010e+01 9.683490e+01
COLA 6.487360e+01 -1.478616e+02
COR 4.458550e+01 -1.233046e+02
CTAO -2.008820e+01 1.462545e+02
DAV 7.069700e+00 1.255791e+02
DGAR -7.412100e+00 7.245250e+01
DWPF 2.811030e+01 -8.143270e+01
ENH 3.027620e+01 1.094944e+02
ERM 4.201500e+01 1.431572e+02
ESK 5.531670e+01 -3.205000e+00
FFC 5.472500e+01 -1.019783e+02
FUNA -8.525900e+00 1.791966e+02
GNI 4.014800e+01 4.474100e+01
GRFO 4.969090e+01 1.122030e+01
GRTK 2.151149e+01 -7.113270e+01
GTBY 1.992680e+01 -7.511080e+01
GUMO 1.358930e+01 1.448684e+02
HIA 4.927040e+01 1.197414e+02
HKPS 2.227760e+01 1.141415e+02
HKT 2.996180e+01 -9.583840e+01
HNR -9.438700e+00 1.599475e+02
HRV 4.250640e+01 -7.155830e+01
IL31 6.477140e+01 -1.468866e+02
JOHN 1.673290e+01 -1.695292e+02
KAPI -5.014200e+00 1.197517e+02
KBL 3.454080e+01 6.904320e+01
KBS 7.891540e+01 1.193850e+01
KDAK 5.778280e+01 -1.525835e+02
KEV 6.975650e+01 2.700350e+01
KIEV 5.070120e+01 2.922420e+01
KIP 2.142000e+01 -1.580112e+02
KIV 4.395530e+01 4.268630e+01
KMI 2.512330e+01 1.027400e+02
KNTN -2.774400e+00 -1.717186e+02
KONO 5.964910e+01 9.598200e+00
KURK 5.071540e+01 7.862020e+01
KWAJ 8.801900e+00 1.676130e+02
LSA 2.970310e+01 9.112700e+01
LVZ 6.789790e+01 3.465140e+01
MA2 5.957560e+01 1.507700e+02
MAJO 3.654567e+01 1.382041e+02
MAKZ 4.680800e+01 8.197700e+01
MBWA -2.115900e+01 1.197313e+02
MDJ 4.461763e+01 1.295934e+02
NIL 3.365060e+01 7.326860e+01
NV31 3.843280e+01 -1.181554e+02
NWAO -3.292770e+01 1.172390e+02
OBN 5.511460e+01 3.656740e+01
PAB 3.954460e+01 -4.349900e+00
PALK 7.272800e+00 8.070220e+01
PASC 3.417141e+01 -1.181852e+02
PD31 4.276720e+01 -1.095581e+02
PET 5.302330e+01 1.586499e+02
PFO 3.361070e+01 -1.164555e+02
PMG -9.404700e+00 1.471597e+02
POHA 1.975730e+01 -1.555326e+02
QIZ 1.902910e+01 1.098445e+02
RAO -2.924500e+01 -1.779290e+02
RAR -2.121250e+01 -1.597733e+02
RSSD 4.412120e+01 -1.040359e+02
SFJD 6.699610e+01 -5.062076e+01
SLBS 2.368580e+01 -1.099443e+02
SSE 3.109480e+01 1.211908e+02
SSPA 4.063580e+01 -7.788760e+01
TARA 1.354900e+00 1.729229e+02
TATO 2.497350e+01 1.214971e+02
TGUH 1.405700e+01 -8.727300e+01
TIXI 7.163410e+01 1.288667e+02
TLY 5.168070e+01 1.036438e+02
TUC 3.230980e+01 -1.107847e+02
TX31 2.933420e+01 -1.036678e+02
TX32 2.933380e+01 -1.036670e+02
WAKE 1.928340e+01 1.666520e+02
WCI 3.822890e+01 -8.629390e+01
WMQ 4.381380e+01 8.770490e+01
WRAB -1.993360e+01 1.343600e+02
WVT 3.612970e+01 -8.783000e+01
XAN 3.403130e+01 1.089237e+02
XMAS 2.044800e+00 -1.574457e+02
YSS 4.695870e+01 1.427604e+02
